
> web@0.1.0 build-storybook /home/hsj95/workspace/dev/project/cotept/apps/web
> storybook build "--output-dir=/tmp/chromatic--60884-mEF14iOgmWAi"

[1m@storybook/core v8.6.14
[22m
info => Cleaning outputDir: [36m../../../../../../../../tmp/chromatic--60884-mEF14iOgmWAi[39m
info => Loading presets
info => Building manager..
info => Manager built ([38;2;181;126;229m166 ms[39m)
info => Building preview..
WARN No story files found for the specified pattern: [34mstories/**/*.mdx[39m
WARN No story files found for the specified pattern: [34msrc/**/*.mdx[39m
info Addon-docs: using MDX3
info => Using implicit CSS loaders
info => Copying static files: [36mpublic[39m at [36m../../../../../../../../tmp/chromatic--60884-mEF14iOgmWAi[39m
info => Using SWC as compiler
info => Using default Webpack5 setup
info Using tsconfig paths for react-docgen
WARN asset size limit: The following asset(s) exceed the recommended size limit (244 KiB).
WARN This can impact web performance.
WARN Assets: 
WARN   965.c94642a8.iframe.bundle.js (361 KiB)
WARN   98.63a0b476.iframe.bundle.js (1.99 MiB)
WARN   237.bf4c0beb.iframe.bundle.js (990 KiB)
WARN entrypoint size limit: The following entrypoint(s) combined asset size exceeds the recommended limit (244 KiB). This can impact web performance.
WARN Entrypoints:
WARN   main (2.06 MiB)
WARN       runtime~main.9faf1151.iframe.bundle.js
WARN       98.63a0b476.iframe.bundle.js
WARN       main.a105c754.iframe.bundle.js
WARN 
info => Preview built ([38;2;181;126;229m7.06 s[39m)
info => Output directory: /tmp/chromatic--60884-mEF14iOgmWAi
